Arguments: 
  /usr/bin/node /usr/share/yarn/bin/yarn.js add -E electron next react react-dom

PATH: 
  /usr/local/sbin:/usr/local/bin:/usr/sbin:/usr/bin:/sbin:/bin:/usr/games:/usr/local/games:/snap/bin

Yarn version: 
  1.22.4

Node version: 
  13.12.0

Platform: 
  linux x64

Trace: 
  Error: connect EHOSTUNREACH 104.16.24.35:443
      at TCPConnectWrap.afterConnect [as oncomplete] (net.js:1141:16)

npm manifest: 
  {
    "name": "network-wizard",
    "version": "1.0.0",
    "description": "",
    "main": "./app.js",
    "scripts": {
      "dev": "electron .",
      "build": "next build",
      "start": "NODE_ENV=production electron ."
    },
    "author": "",
    "license": "ISC",
    "dependencies": {
      "antd": "^4.1.3",
      "electron": "^8.2.2",
      "next": "^9.3.4",
      "python-shell": "^1.0.8",
      "react": "^16.13.1",
      "react-dom": "^16.13.1",
      "require": "^2.4.20"
    }
  }

yarn manifest: 
  No manifest

Lockfile: 
  No lockfile
